This is pdfTeX, Version 3.141592653-2.6-1.40.28 (TeX Live 2025) (preloaded format=pdflatex 2025.6.30)  31 DEC 2025 15:13
entering extended mode
 restricted \write18 enabled.
 file:line:error style messages enabled.
 %&-line parsing enabled.
**c:/Users/piyus/knowledge/Computational_Neuroscience/talks/BrainScaleS-2/notes.tex
(c:/Users/piyus/knowledge/Computational_Neuroscience/talks/BrainScaleS-2/notes.tex
LaTeX2e <2025-06-01> patch level 1
L3 programming layer <2025-06-09>
(c:/texlive/2025/texmf-dist/tex/latex/base/article.cls
Document Class: article 2025/01/22 v1.4n Standard LaTeX document class
(c:/texlive/2025/texmf-dist/tex/latex/base/size12.clo
File: size12.clo 2025/01/22 v1.4n Standard LaTeX file (size option)
)
\c@part=\count275
\c@section=\count276
\c@subsection=\count277
\c@subsubsection=\count278
\c@paragraph=\count279
\c@subparagraph=\count280
\c@figure=\count281
\c@table=\count282
\abovecaptionskip=\skip49
\belowcaptionskip=\skip50
\bibindent=\dimen148
) (c:/texlive/2025/texmf-dist/tex/latex/graphics/graphicx.sty
Package: graphicx 2024/12/31 v1.2e Enhanced LaTeX Graphics (DPC,SPQR)
 (c:/texlive/2025/texmf-dist/tex/latex/graphics/keyval.sty
Package: keyval 2022/05/29 v1.15 key=value parser (DPC)
\KV@toks@=\toks17
) (c:/texlive/2025/texmf-dist/tex/latex/graphics/graphics.sty
Package: graphics 2024/08/06 v1.4g Standard LaTeX Graphics (DPC,SPQR)
 (c:/texlive/2025/texmf-dist/tex/latex/graphics/trig.sty
Package: trig 2023/12/02 v1.11 sin cos tan (DPC)
) (c:/texlive/2025/texmf-dist/tex/latex/graphics-cfg/graphics.cfg
File: graphics.cfg 2016/06/04 v1.11 sample graphics configuration
)
Package graphics Info: Driver file: pdftex.def on input line 106.
 (c:/texlive/2025/texmf-dist/tex/latex/graphics-def/pdftex.def
File: pdftex.def 2024/04/13 v1.2c Graphics/color driver for pdftex
))
\Gin@req@height=\dimen149
\Gin@req@width=\dimen150
) (c:/texlive/2025/texmf-dist/tex/latex/l3backend/l3backend-pdftex.def
File: l3backend-pdftex.def 2025-06-09 L3 backend support: PDF output (pdfTeX)
\l__color_backend_stack_int=\count283
) (./notes.aux)
\openout1 = `notes.aux'.

LaTeX Font Info:    Checking defaults for OML/cmm/m/it on input line 10.
LaTeX Font Info:    ... okay on input line 10.
LaTeX Font Info:    Checking defaults for OMS/cmsy/m/n on input line 10.
LaTeX Font Info:    ... okay on input line 10.
LaTeX Font Info:    Checking defaults for OT1/cmr/m/n on input line 10.
LaTeX Font Info:    ... okay on input line 10.
LaTeX Font Info:    Checking defaults for T1/cmr/m/n on input line 10.
LaTeX Font Info:    ... okay on input line 10.
LaTeX Font Info:    Checking defaults for TS1/cmr/m/n on input line 10.
LaTeX Font Info:    ... okay on input line 10.
LaTeX Font Info:    Checking defaults for OMX/cmex/m/n on input line 10.
LaTeX Font Info:    ... okay on input line 10.
LaTeX Font Info:    Checking defaults for U/cmr/m/n on input line 10.
LaTeX Font Info:    ... okay on input line 10.
 (c:/texlive/2025/texmf-dist/tex/context/base/mkii/supp-pdf.mkii
[Loading MPS to PDF converter (version 2006.09.02).]
\scratchcounter=\count284
\scratchdimen=\dimen151
\scratchbox=\box53
\nofMPsegments=\count285
\nofMParguments=\count286
\everyMPshowfont=\toks18
\MPscratchCnt=\count287
\MPscratchDim=\dimen152
\MPnumerator=\count288
\makeMPintoPDFobject=\count289
\everyMPtoPDFconversion=\toks19
) (c:/texlive/2025/texmf-dist/tex/latex/epstopdf-pkg/epstopdf-base.sty
Package: epstopdf-base 2020-01-24 v2.11 Base part for package epstopdf
Package epstopdf-base Info: Redefining graphics rule for `.eps' on input line 485.
 (c:/texlive/2025/texmf-dist/tex/latex/latexconfig/epstopdf-sys.cfg
File: epstopdf-sys.cfg 2010/07/13 v1.3 Configuration of (r)epstopdf for TeX Live
))
LaTeX Font Info:    External font `cmex10' loaded for size
(Font)              <14.4> on input line 11.
LaTeX Font Info:    External font `cmex10' loaded for size
(Font)              <7> on input line 11.


[1

{c:/texlive/2025/texmf-var/fonts/map/pdftex/updmap/pdftex.map}]
Overfull \hbox (1.20561pt too wide) in paragraph at lines 40--41
[]\OT1/cmr/m/n/12 Two dig-i-tal pro-ces-sors for con-trol-ling the plas-tic-ity of the synapses. 
 []



[2{c:/texlive/2025/texmf-dist/fonts/enc/dvips/cm-super/cm-super-ts1.enc}]
LaTeX Font Info:    External font `cmex10' loaded for size
(Font)              <12> on input line 53.
LaTeX Font Info:    External font `cmex10' loaded for size
(Font)              <8> on input line 53.
LaTeX Font Info:    External font `cmex10' loaded for size
(Font)              <6> on input line 53.
<C:/Users/piyus/knowledge/Computational_Neuroscience/talks/BrainScaleS-2/pictures/ADEX.png, id=13, 364.36125pt x 75.8835pt>
File: C:/Users/piyus/knowledge/Computational_Neuroscience/talks/BrainScaleS-2/pictures/ADEX.png Graphic file (type png)
<use C:/Users/piyus/knowledge/Computational_Neuroscience/talks/BrainScaleS-2/pictures/ADEX.png>
Package pdftex.def Info: C:/Users/piyus/knowledge/Computational_Neuroscience/talks/BrainScaleS-2/pictures/ADEX.png  used on input line 54.
(pdftex.def)             Requested size: 364.36035pt x 75.8833pt.

Overfull \hbox (3.73505pt too wide) in paragraph at lines 54--55
[][] 
 []



[3 <c:/Users/piyus/knowledge/Computational_Neuroscience/talks/BrainScaleS-2/pictures/ADEX.PNG>]
<C:/Users/piyus/knowledge/Computational_Neuroscience/talks/BrainScaleS-2/pictures/synapse_current.png, id=20, 195.129pt x 57.816pt>
File: C:/Users/piyus/knowledge/Computational_Neuroscience/talks/BrainScaleS-2/pictures/synapse_current.png Graphic file (type png)
<use C:/Users/piyus/knowledge/Computational_Neuroscience/talks/BrainScaleS-2/pictures/synapse_current.png>
Package pdftex.def Info: C:/Users/piyus/knowledge/Computational_Neuroscience/talks/BrainScaleS-2/pictures/synapse_current.png  used on input line 59.
(pdftex.def)             Requested size: 195.12851pt x 57.81584pt.


[4 <c:/Users/piyus/knowledge/Computational_Neuroscience/talks/BrainScaleS-2/pictures/synapse_current.PNG>]

[5]
<C:/Users/piyus/knowledge/Computational_Neuroscience/talks/BrainScaleS-2/pictures/spike_patterns.png, id=28, 612.48825pt x 379.4175pt>
File: C:/Users/piyus/knowledge/Computational_Neuroscience/talks/BrainScaleS-2/pictures/spike_patterns.png Graphic file (type png)
<use C:/Users/piyus/knowledge/Computational_Neuroscience/talks/BrainScaleS-2/pictures/spike_patterns.png>
Package pdftex.def Info: C:/Users/piyus/knowledge/Computational_Neuroscience/talks/BrainScaleS-2/pictures/spike_patterns.png  used on input line 90.
(pdftex.def)             Requested size: 612.48676pt x 379.41656pt.

Overfull \hbox (251.86145pt too wide) in paragraph at lines 90--91
[][] 
 []



[6 <c:/Users/piyus/knowledge/Computational_Neuroscience/talks/BrainScaleS-2/pictures/spike_patterns.PNG>]

[7] (./notes.aux)
 ***********
LaTeX2e <2025-06-01> patch level 1
L3 programming layer <2025-06-09>
 ***********
 ) 
Here is how much of TeX's memory you used:
 1330 strings out of 467888
 23333 string characters out of 5438240
 432021 words of memory out of 5000000
 29919 multiletter control sequences out of 15000+600000
 632330 words of font info for 58 fonts, out of 8000000 for 9000
 1141 hyphenation exceptions out of 8191
 57i,6n,65p,516b,250s stack positions out of 10000i,1000n,20000p,200000b,200000s
<c:/texlive/2025/texmf-dist/fonts/type1/public/amsfonts/cm/cmbx12.pfb><c:/texlive/2025/texmf-dist/fonts/type1/public/amsfonts/cm/cmmi8.pfb><c:/texlive/2025/texmf-dist/fonts/type1/public/amsfonts/cm/cmr12.pfb><c:/texlive/2025/texmf-dist/fonts/type1/public/amsfonts/cm/cmr17.pfb><c:/texlive/2025/texmf-dist/fonts/type1/public/cm-super/sfrm1200.pfb>
Output written on notes.pdf (7 pages, 232321 bytes).
PDF statistics:
 61 PDF objects out of 1000 (max. 8388607)
 35 compressed objects within 1 object stream
 0 named destinations out of 1000 (max. 500000)
 16 words of extra memory for PDF output out of 10000 (max. 10000000)

