This is pdfTeX, Version 3.141592653-2.6-1.40.26 (TeX Live 2024) (preloaded format=pdflatex 2024.8.22)  23 AUG 2024 20:54
entering extended mode
 restricted \write18 enabled.
 file:line:error style messages enabled.
 %&-line parsing enabled.
**"C:/Users/piyus/knowledge/EE/yang_lab/papers/The BrainScaleS-2 Accelerated Neuromorphic System With Hybrid Plasticity/notes.tex"
(c:/Users/piyus/knowledge/EE/yang_lab/papers/The BrainScaleS-2 Accelerated Neuromorphic System With Hybrid Plasticity/notes.tex
LaTeX2e <2024-06-01> patch level 2
L3 programming layer <2024-07-20>
(c:/Users/piyus/AppData/Roaming/TinyTeX/texmf-dist/tex/latex/base/article.cls
Document Class: article 2024/02/08 v1.4n Standard LaTeX document class
(c:/Users/piyus/AppData/Roaming/TinyTeX/texmf-dist/tex/latex/base/size12.clo
File: size12.clo 2024/02/08 v1.4n Standard LaTeX file (size option)
)
\c@part=\count194
\c@section=\count195
\c@subsection=\count196
\c@subsubsection=\count197
\c@paragraph=\count198
\c@subparagraph=\count199
\c@figure=\count266
\c@table=\count267
\abovecaptionskip=\skip49
\belowcaptionskip=\skip50
\bibindent=\dimen141
) (c:/Users/piyus/AppData/Roaming/TinyTeX/texmf-dist/tex/latex/graphics/graphicx.sty
Package: graphicx 2021/09/16 v1.2d Enhanced LaTeX Graphics (DPC,SPQR)
 (c:/Users/piyus/AppData/Roaming/TinyTeX/texmf-dist/tex/latex/graphics/keyval.sty
Package: keyval 2022/05/29 v1.15 key=value parser (DPC)
\KV@toks@=\toks17
) (c:/Users/piyus/AppData/Roaming/TinyTeX/texmf-dist/tex/latex/graphics/graphics.sty
Package: graphics 2024/05/23 v1.4g Standard LaTeX Graphics (DPC,SPQR)
 (c:/Users/piyus/AppData/Roaming/TinyTeX/texmf-dist/tex/latex/graphics/trig.sty
Package: trig 2023/12/02 v1.11 sin cos tan (DPC)
) (c:/Users/piyus/AppData/Roaming/TinyTeX/texmf-dist/tex/latex/graphics-cfg/graphics.cfg
File: graphics.cfg 2016/06/04 v1.11 sample graphics configuration
)
Package graphics Info: Driver file: pdftex.def on input line 106.
 (c:/Users/piyus/AppData/Roaming/TinyTeX/texmf-dist/tex/latex/graphics-def/pdftex.def
File: pdftex.def 2024/04/13 v1.2c Graphics/color driver for pdftex
))
\Gin@req@height=\dimen142
\Gin@req@width=\dimen143
) (c:/Users/piyus/AppData/Roaming/TinyTeX/texmf-dist/tex/latex/l3backend/l3backend-pdftex.def
File: l3backend-pdftex.def 2024-05-08 L3 backend support: PDF output (pdfTeX)
\l__color_backend_stack_int=\count268
\l__pdf_internal_box=\box52
) (./notes.aux)
\openout1 = `notes.aux'.

LaTeX Font Info:    Checking defaults for OML/cmm/m/it on input line 10.
LaTeX Font Info:    ... okay on input line 10.
LaTeX Font Info:    Checking defaults for OMS/cmsy/m/n on input line 10.
LaTeX Font Info:    ... okay on input line 10.
LaTeX Font Info:    Checking defaults for OT1/cmr/m/n on input line 10.
LaTeX Font Info:    ... okay on input line 10.
LaTeX Font Info:    Checking defaults for T1/cmr/m/n on input line 10.
LaTeX Font Info:    ... okay on input line 10.
LaTeX Font Info:    Checking defaults for TS1/cmr/m/n on input line 10.
LaTeX Font Info:    ... okay on input line 10.
LaTeX Font Info:    Checking defaults for OMX/cmex/m/n on input line 10.
LaTeX Font Info:    ... okay on input line 10.
LaTeX Font Info:    Checking defaults for U/cmr/m/n on input line 10.
LaTeX Font Info:    ... okay on input line 10.
 (c:/Users/piyus/AppData/Roaming/TinyTeX/texmf-dist/tex/latex/epstopdf-pkg/epstopdf-base.sty
Package: epstopdf-base 2020-01-24 v2.11 Base part for package epstopdf
Package epstopdf-base Info: Redefining graphics rule for `.eps' on input line 485.
 (c:/Users/piyus/AppData/Roaming/TinyTeX/texmf-dist/tex/latex/latexconfig/epstopdf-sys.cfg
File: epstopdf-sys.cfg 2010/07/13 v1.3 Configuration of (r)epstopdf for TeX Live
))
LaTeX Font Info:    External font `cmex10' loaded for size
(Font)              <14.4> on input line 11.
LaTeX Font Info:    External font `cmex10' loaded for size
(Font)              <7> on input line 11.


[1

{c:/Users/piyus/AppData/Roaming/TinyTeX/texmf-var/fonts/map/pdftex/updmap/pdftex.map}]
Overfull \hbox (1.20561pt too wide) in paragraph at lines 40--41
[]\OT1/cmr/m/n/12 Two dig-i-tal pro-ces-sors for con-trol-ling the plas-tic-ity of the synapses. 
 []



[2]
LaTeX Font Info:    External font `cmex10' loaded for size
(Font)              <12> on input line 53.
LaTeX Font Info:    External font `cmex10' loaded for size
(Font)              <8> on input line 53.
LaTeX Font Info:    External font `cmex10' loaded for size
(Font)              <6> on input line 53.
<C:/Users/piyus/knowledge/EE/yang_lab/papers/The BrainScaleS-2 Accelerated Neuromorphic System With Hybrid Plasticity/pictures/ADEX.png, id=13, 364.36125pt x 75.8835pt>
File: C:/Users/piyus/knowledge/EE/yang_lab/papers/The BrainScaleS-2 Accelerated Neuromorphic System With Hybrid Plasticity/pictures/ADEX.png Graphic file (type png)
<use C:/Users/piyus/knowledge/EE/yang_lab/papers/The BrainScaleS-2 Accelerated Neuromorphic System With Hybrid Plasticity/pictures/ADEX.png>
Package pdftex.def Info: C:/Users/piyus/knowledge/EE/yang_lab/papers/The BrainScaleS-2 Accelerated Neuromorphic System With Hybrid Plasticity/pictures/ADEX.png  used on input line 54.
(pdftex.def)             Requested size: 364.36035pt x 75.8833pt.

Overfull \hbox (3.73505pt too wide) in paragraph at lines 54--55
[][] 
 []



[3 <c:/Users/piyus/knowledge/EE/yang_lab/papers/The BrainScaleS-2 Accelerated Neuromorphic System With Hybrid Plasticity/pictures/ADEX.PNG>]
<C:/Users/piyus/knowledge/EE/yang_lab/papers/The BrainScaleS-2 Accelerated Neuromorphic System With Hybrid Plasticity/pictures/synapse_current.png, id=20, 195.129pt x 57.816pt>
File: C:/Users/piyus/knowledge/EE/yang_lab/papers/The BrainScaleS-2 Accelerated Neuromorphic System With Hybrid Plasticity/pictures/synapse_current.png Graphic file (type png)
<use C:/Users/piyus/knowledge/EE/yang_lab/papers/The BrainScaleS-2 Accelerated Neuromorphic System With Hybrid Plasticity/pictures/synapse_current.png>
Package pdftex.def Info: C:/Users/piyus/knowledge/EE/yang_lab/papers/The BrainScaleS-2 Accelerated Neuromorphic System With Hybrid Plasticity/pictures/synapse_current.png  used on input line 59.
(pdftex.def)             Requested size: 195.12851pt x 57.81584pt.


[4 <c:/Users/piyus/knowledge/EE/yang_lab/papers/The BrainScaleS-2 Accelerated Neuromorphic System With Hybrid Plasticity/pictures/synapse_current.PNG>]

[5]
<C:/Users/piyus/knowledge/EE/yang_lab/papers/The BrainScaleS-2 Accelerated Neuromorphic System With Hybrid Plasticity/pictures/spike_patterns.png, id=28, 612.48825pt x 379.4175pt>
File: C:/Users/piyus/knowledge/EE/yang_lab/papers/The BrainScaleS-2 Accelerated Neuromorphic System With Hybrid Plasticity/pictures/spike_patterns.png Graphic file (type png)
<use C:/Users/piyus/knowledge/EE/yang_lab/papers/The BrainScaleS-2 Accelerated Neuromorphic System With Hybrid Plasticity/pictures/spike_patterns.png>
Package pdftex.def Info: C:/Users/piyus/knowledge/EE/yang_lab/papers/The BrainScaleS-2 Accelerated Neuromorphic System With Hybrid Plasticity/pictures/spike_patterns.png  used on input line 90.
(pdftex.def)             Requested size: 612.48676pt x 379.41656pt.

Overfull \hbox (251.86145pt too wide) in paragraph at lines 90--91
[][] 
 []



[6 <c:/Users/piyus/knowledge/EE/yang_lab/papers/The BrainScaleS-2 Accelerated Neuromorphic System With Hybrid Plasticity/pictures/spike_patterns.PNG>]

[7] (./notes.aux)
 ***********
LaTeX2e <2024-06-01> patch level 2
L3 programming layer <2024-07-20>
 ***********
 ) 
Here is how much of TeX's memory you used:
 1029 strings out of 475538
 21481 string characters out of 5775359
 1932960 words of memory out of 5000000
 23713 multiletter control sequences out of 15000+600000
 563574 words of font info for 54 fonts, out of 8000000 for 9000
 14 hyphenation exceptions out of 8191
 57i,6n,65p,563b,243s stack positions out of 10000i,1000n,20000p,200000b,200000s
 <c:/Users/piyus/AppData/Roaming/TinyTeX/texmf-var/fonts/pk/ljfour/jknappen/ec/tcrm1200.600pk><c:/Users/piyus/AppData/Roaming/TinyTeX/texmf-dist/fonts/type1/public/amsfonts/cm/cmbx12.pfb><c:/Users/piyus/AppData/Roaming/TinyTeX/texmf-dist/fonts/type1/public/amsfonts/cm/cmmi8.pfb><c:/Users/piyus/AppData/Roaming/TinyTeX/texmf-dist/fonts/type1/public/amsfonts/cm/cmr12.pfb><c:/Users/piyus/AppData/Roaming/TinyTeX/texmf-dist/fonts/type1/public/amsfonts/cm/cmr17.pfb>
Output written on notes.pdf (7 pages, 225729 bytes).
PDF statistics:
 60 PDF objects out of 1000 (max. 8388607)
 35 compressed objects within 1 object stream
 0 named destinations out of 1000 (max. 500000)
 16 words of extra memory for PDF output out of 10000 (max. 10000000)

