This is pdfTeX, Version 3.141592653-2.6-1.40.26 (TeX Live 2024) (preloaded format=pdflatex 2024.8.22)  30 SEP 2024 22:15
entering extended mode
 restricted \write18 enabled.
 file:line:error style messages enabled.
 %&-line parsing enabled.
**C:/Users/piyus/knowledge/Project_Specific_Knowledge/public/fm_radio/stages/HF_amp/HF_amp.tex
(c:/Users/piyus/knowledge/Project_Specific_Knowledge/public/fm_radio/stages/HF_amp/HF_amp.tex
LaTeX2e <2024-06-01> patch level 2
L3 programming layer <2024-07-20>
(c:/Users/piyus/AppData/Roaming/TinyTeX/texmf-dist/tex/latex/base/article.cls
Document Class: article 2024/02/08 v1.4n Standard LaTeX document class
(c:/Users/piyus/AppData/Roaming/TinyTeX/texmf-dist/tex/latex/base/size12.clo
File: size12.clo 2024/02/08 v1.4n Standard LaTeX file (size option)
)
\c@part=\count194
\c@section=\count195
\c@subsection=\count196
\c@subsubsection=\count197
\c@paragraph=\count198
\c@subparagraph=\count199
\c@figure=\count266
\c@table=\count267
\abovecaptionskip=\skip49
\belowcaptionskip=\skip50
\bibindent=\dimen141
) (c:/Users/piyus/AppData/Roaming/TinyTeX/texmf-dist/tex/latex/graphics/graphicx.sty
Package: graphicx 2021/09/16 v1.2d Enhanced LaTeX Graphics (DPC,SPQR)
 (c:/Users/piyus/AppData/Roaming/TinyTeX/texmf-dist/tex/latex/graphics/keyval.sty
Package: keyval 2022/05/29 v1.15 key=value parser (DPC)
\KV@toks@=\toks17
) (c:/Users/piyus/AppData/Roaming/TinyTeX/texmf-dist/tex/latex/graphics/graphics.sty
Package: graphics 2024/05/23 v1.4g Standard LaTeX Graphics (DPC,SPQR)
 (c:/Users/piyus/AppData/Roaming/TinyTeX/texmf-dist/tex/latex/graphics/trig.sty
Package: trig 2023/12/02 v1.11 sin cos tan (DPC)
) (c:/Users/piyus/AppData/Roaming/TinyTeX/texmf-dist/tex/latex/graphics-cfg/graphics.cfg
File: graphics.cfg 2016/06/04 v1.11 sample graphics configuration
)
Package graphics Info: Driver file: pdftex.def on input line 106.
 (c:/Users/piyus/AppData/Roaming/TinyTeX/texmf-dist/tex/latex/graphics-def/pdftex.def
File: pdftex.def 2024/04/13 v1.2c Graphics/color driver for pdftex
))
\Gin@req@height=\dimen142
\Gin@req@width=\dimen143
) (c:/Users/piyus/AppData/Roaming/TinyTeX/texmf-dist/tex/latex/l3backend/l3backend-pdftex.def
File: l3backend-pdftex.def 2024-05-08 L3 backend support: PDF output (pdfTeX)
\l__color_backend_stack_int=\count268
\l__pdf_internal_box=\box52
) (./HF_amp.aux)
\openout1 = `HF_amp.aux'.

LaTeX Font Info:    Checking defaults for OML/cmm/m/it on input line 10.
LaTeX Font Info:    ... okay on input line 10.
LaTeX Font Info:    Checking defaults for OMS/cmsy/m/n on input line 10.
LaTeX Font Info:    ... okay on input line 10.
LaTeX Font Info:    Checking defaults for OT1/cmr/m/n on input line 10.
LaTeX Font Info:    ... okay on input line 10.
LaTeX Font Info:    Checking defaults for T1/cmr/m/n on input line 10.
LaTeX Font Info:    ... okay on input line 10.
LaTeX Font Info:    Checking defaults for TS1/cmr/m/n on input line 10.
LaTeX Font Info:    ... okay on input line 10.
LaTeX Font Info:    Checking defaults for OMX/cmex/m/n on input line 10.
LaTeX Font Info:    ... okay on input line 10.
LaTeX Font Info:    Checking defaults for U/cmr/m/n on input line 10.
LaTeX Font Info:    ... okay on input line 10.
 (c:/Users/piyus/AppData/Roaming/TinyTeX/texmf-dist/tex/latex/epstopdf-pkg/epstopdf-base.sty
Package: epstopdf-base 2020-01-24 v2.11 Base part for package epstopdf
Package epstopdf-base Info: Redefining graphics rule for `.eps' on input line 485.
 (c:/Users/piyus/AppData/Roaming/TinyTeX/texmf-dist/tex/latex/latexconfig/epstopdf-sys.cfg
File: epstopdf-sys.cfg 2010/07/13 v1.3 Configuration of (r)epstopdf for TeX Live
))
LaTeX Font Info:    External font `cmex10' loaded for size
(Font)              <14.4> on input line 11.
LaTeX Font Info:    External font `cmex10' loaded for size
(Font)              <7> on input line 11.


[1

{c:/Users/piyus/AppData/Roaming/TinyTeX/texmf-var/fonts/map/pdftex/updmap/pdftex.map}]
<C:/Users/piyus/knowledge/Project_Specific_Knowledge/public/fm_radio/stages/HF_amp/pictures/rec_app_circuit.png, id=8, 491.436pt x 429.40425pt>
File: C:/Users/piyus/knowledge/Project_Specific_Knowledge/public/fm_radio/stages/HF_amp/pictures/rec_app_circuit.png Graphic file (type png)
<use C:/Users/piyus/knowledge/Project_Specific_Knowledge/public/fm_radio/stages/HF_amp/pictures/rec_app_circuit.png>
Package pdftex.def Info: C:/Users/piyus/knowledge/Project_Specific_Knowledge/public/fm_radio/stages/HF_amp/pictures/rec_app_circuit.png  used on input line 38.
(pdftex.def)             Requested size: 390.0pt x 340.7916pt.


LaTeX Warning: `h' float specifier changed to `ht'.

LaTeX Font Info:    External font `cmex10' loaded for size
(Font)              <12> on input line 42.
LaTeX Font Info:    External font `cmex10' loaded for size
(Font)              <8> on input line 42.
LaTeX Font Info:    External font `cmex10' loaded for size
(Font)              <6> on input line 42.

Overfull \hbox (14.48923pt too wide) in paragraph at lines 44--45
[]\OT1/cmr/m/n/12 Let's set it to 1uF, which would give us an impedance of $[] \OMS/cmsy/m/n/12 ^^@
 []


Overfull \hbox (173.55684pt too wide) in paragraph at lines 46--47
[]\OT1/cmr/m/n/12 However, I did find a 0.1 uF broad-band ca-pac-i-tor: https://www.digikey.com/en/products/detail/kyocera-
 []


Overfull \hbox (159.4791pt too wide) in paragraph at lines 46--47
\OT1/cmr/m/n/12 avx/530L104KT16T/6570911?s=N4IgTCBcDaIKwGYAMAZABAYwIYAcsYEsAXAewCcQBdAXyA 
 []



[2]

[3 <c:/Users/piyus/knowledge/Project_Specific_Knowledge/public/fm_radio/stages/HF_amp/pictures/rec_app_circuit.PNG>]
<C:/Users/piyus/knowledge/Project_Specific_Knowledge/public/fm_radio/stages/HF_amp/pictures/group_delay.png, id=26, 1155.71774pt x 522.15076pt>
File: C:/Users/piyus/knowledge/Project_Specific_Knowledge/public/fm_radio/stages/HF_amp/pictures/group_delay.png Graphic file (type png)
<use C:/Users/piyus/knowledge/Project_Specific_Knowledge/public/fm_radio/stages/HF_amp/pictures/group_delay.png>
Package pdftex.def Info: C:/Users/piyus/knowledge/Project_Specific_Knowledge/public/fm_radio/stages/HF_amp/pictures/group_delay.png  used on input line 57.
(pdftex.def)             Requested size: 390.0pt x 176.19835pt.


[4 <c:/Users/piyus/knowledge/Project_Specific_Knowledge/public/fm_radio/stages/HF_amp/pictures/group_delay.PNG>] (./HF_amp.aux)
 ***********
LaTeX2e <2024-06-01> patch level 2
L3 programming layer <2024-07-20>
 ***********
 ) 
Here is how much of TeX's memory you used:
 1026 strings out of 475538
 19976 string characters out of 5775359
 1933960 words of memory out of 5000000
 23710 multiletter control sequences out of 15000+600000
 562960 words of font info for 52 fonts, out of 8000000 for 9000
 14 hyphenation exceptions out of 8191
 57i,7n,65p,507b,229s stack positions out of 10000i,1000n,20000p,200000b,200000s
 <c:/Users/piyus/AppData/Roaming/TinyTeX/texmf-var/fonts/pk/ljfour/jknappen/ec/tcrm1200.600pk><c:/Users/piyus/AppData/Roaming/TinyTeX/texmf-dist/fonts/type1/public/amsfonts/cm/cmbx12.pfb><c:/Users/piyus/AppData/Roaming/TinyTeX/texmf-dist/fonts/type1/public/amsfonts/cm/cmmi12.pfb><c:/Users/piyus/AppData/Roaming/TinyTeX/texmf-dist/fonts/type1/public/amsfonts/cm/cmmi8.pfb><c:/Users/piyus/AppData/Roaming/TinyTeX/texmf-dist/fonts/type1/public/amsfonts/cm/cmr12.pfb><c:/Users/piyus/AppData/Roaming/TinyTeX/texmf-dist/fonts/type1/public/amsfonts/cm/cmr17.pfb><c:/Users/piyus/AppData/Roaming/TinyTeX/texmf-dist/fonts/type1/public/amsfonts/cm/cmr6.pfb><c:/Users/piyus/AppData/Roaming/TinyTeX/texmf-dist/fonts/type1/public/amsfonts/cm/cmr8.pfb><c:/Users/piyus/AppData/Roaming/TinyTeX/texmf-dist/fonts/type1/public/amsfonts/cm/cmsy10.pfb><c:/Users/piyus/AppData/Roaming/TinyTeX/texmf-dist/fonts/type1/public/amsfonts/cm/cmsy6.pfb><c:/Users/piyus/AppData/Roaming/TinyTeX/texmf-dist/fonts/type1/public/amsfonts/cm/cmsy8.pfb>
Output written on HF_amp.pdf (4 pages, 303085 bytes).
PDF statistics:
 77 PDF objects out of 1000 (max. 8388607)
 45 compressed objects within 1 object stream
 0 named destinations out of 1000 (max. 500000)
 11 words of extra memory for PDF output out of 10000 (max. 10000000)

